<?xml version="1.0" encoding="UTF-8"?>
<!-- Generated by org.testng.reporters.JUnitReportReporter -->
<testsuite hostname="Deepak-PC" name="org.apache.atlas.seleniumtests.HomePageTest" tests="4" failures="0" timestamp="1 Mar 2016 08:26:34 GMT" time="42.720" errors="0">
  <testcase name="validateAboutLink" time="20.562" classname="org.apache.atlas.seleniumtests.HomePageTest"/>
  <testcase name="validateHelpLink" time="22.092" classname="org.apache.atlas.seleniumtests.HomePageTest"/>
  <testcase name="validateMenuLinks" time="0.043" classname="org.apache.atlas.seleniumtests.HomePageTest"/>
  <testcase name="validateLogoVisible" time="0.023" classname="org.apache.atlas.seleniumtests.HomePageTest"/>
</testsuite> <!-- org.apache.atlas.seleniumtests.HomePageTest -->
