<?xml version="1.0" encoding="UTF-8"?>
<!-- Generated by org.testng.reporters.JUnitReportReporter -->
<testsuite hostname="Deepak-PC" name="org.apache.atlas.seleniumtests.TestSuit1" tests="1" failures="0" timestamp="11 Feb 2016 17:25:56 GMT" time="10.885" errors="0">
  <testcase name="testA1" time="10.885" classname="org.apache.atlas.seleniumtests.TestSuit1"/>
</testsuite> <!-- org.apache.atlas.seleniumtests.TestSuit1 -->
