<?xml version="1.0" encoding="UTF-8"?>
<!-- Generated by org.testng.reporters.JUnitReportReporter -->
<testsuite hostname="Deepak-PC" name="org.apache.atlas.seleniumtests.TagsPageTest" tests="6" failures="0" timestamp="28 Feb 2016 14:31:29 GMT" time="148.542" errors="0">
  <testcase name="validateTagsPage" time="33.271" classname="org.apache.atlas.seleniumtests.TagsPageTest"/>
  <testcase name="createTagWithAttribute" time="33.645" classname="org.apache.atlas.seleniumtests.TagsPageTest"/>
  <testcase name="addFunctionalTestTag" time="33.374" classname="org.apache.atlas.seleniumtests.TagsPageTest"/>
  <testcase name="duplicateTagName" time="11.362" classname="org.apache.atlas.seleniumtests.TagsPageTest"/>
  <testcase name="validateFunctionalTestTag" time="33.585" classname="org.apache.atlas.seleniumtests.TagsPageTest"/>
  <testcase name="testPageElementsFromTagsTab" time="3.305" classname="org.apache.atlas.seleniumtests.TagsPageTest"/>
</testsuite> <!-- org.apache.atlas.seleniumtests.TagsPageTest -->
