<?xml version="1.0" encoding="UTF-8"?>
<!-- Generated by org.testng.reporters.JUnitReportReporter -->
<testsuite hostname="Deepak-PC" name="org.apache.atlas.seleniumtests.LineagePageTest" tests="2" failures="0" timestamp="28 Feb 2016 14:31:29 GMT" time="31.965" errors="0">
  <testcase name="testPageElementsFromSearchPage" time="3.242" classname="org.apache.atlas.seleniumtests.LineagePageTest"/>
  <testcase name="validateLineagePageTabs" time="28.723" classname="org.apache.atlas.seleniumtests.LineagePageTest"/>
</testsuite> <!-- org.apache.atlas.seleniumtests.LineagePageTest -->
