<?xml version="1.0" encoding="UTF-8"?>
<!-- Generated by org.testng.reporters.JUnitReportReporter -->
<testsuite hostname="Deepak-PC" name="org.apache.atlas.seleniumtests.SearchPageTest" tests="14" failures="0" timestamp="1 Mar 2016 08:26:34 GMT" time="117.314" errors="0">
  <testcase name="validateTagSearchFunctionality" time="1.637" classname="org.apache.atlas.seleniumtests.SearchPageTest"/>
  <testcase name="validatNoOfeSelectOptions" time="0.062" classname="org.apache.atlas.seleniumtests.SearchPageTest"/>
  <testcase name="validateselectOptions" time="4.282" classname="org.apache.atlas.seleniumtests.SearchPageTest"/>
  <testcase name="validateFunctionalTestTag" time="42.273" classname="org.apache.atlas.seleniumtests.SearchPageTest"/>
  <testcase name="validateSearchFunctionalty" time="15.351" classname="org.apache.atlas.seleniumtests.SearchPageTest"/>
  <testcase name="validateTagInSearchResult" time="18.773" classname="org.apache.atlas.seleniumtests.SearchPageTest"/>
  <testcase name="validateTagSectionInSearchPage" time="0.012" classname="org.apache.atlas.seleniumtests.SearchPageTest"/>
  <testcase name="validateTableHeaders" time="0.068" classname="org.apache.atlas.seleniumtests.SearchPageTest"/>
  <testcase name="validateTagSearchInSearchPage" time="0.016" classname="org.apache.atlas.seleniumtests.SearchPageTest"/>
  <testcase name="validateSearchResultCount" time="15.651" classname="org.apache.atlas.seleniumtests.SearchPageTest"/>
  <testcase name="invalidSearchResult" time="15.620" classname="org.apache.atlas.seleniumtests.SearchPageTest"/>
  <testcase name="validate_TextAndDSL_availability" time="0.016" classname="org.apache.atlas.seleniumtests.SearchPageTest"/>
  <testcase name="testPageElementsFromSearchPage" time="3.238" classname="org.apache.atlas.seleniumtests.SearchPageTest"/>
  <testcase name="validateTagSearchResult" time="0.315" classname="org.apache.atlas.seleniumtests.SearchPageTest"/>
</testsuite> <!-- org.apache.atlas.seleniumtests.SearchPageTest -->
